TN:
SF:/Users/donovan/projects/bonmot/dist/bonmot.js
FN:8,(anonymous_1)
FN:22,(anonymous_2)
FN:31,(anonymous_3)
FN:48,(anonymous_4)
FN:53,(anonymous_5)
FN:124,(anonymous_6)
FN:128,(anonymous_7)
FN:190,(anonymous_8)
FN:198,(anonymous_9)
FN:209,(anonymous_10)
FN:211,(anonymous_11)
FN:219,(anonymous_12)
FN:222,(anonymous_13)
FN:233,(anonymous_14)
FN:249,(anonymous_15)
FN:262,(anonymous_16)
FN:275,(anonymous_17)
FN:277,(anonymous_18)
FN:282,(anonymous_19)
FN:311,(anonymous_20)
FN:326,(anonymous_21)
FN:336,(anonymous_22)
FN:341,(anonymous_23)
FN:360,(anonymous_24)
FN:371,(anonymous_25)
FN:413,(anonymous_26)
FN:424,(anonymous_27)
FN:437,(anonymous_28)
FN:470,(anonymous_29)
FN:512,(anonymous_30)
FN:555,(anonymous_31)
FN:634,(anonymous_32)
FN:643,(anonymous_33)
FN:664,(anonymous_34)
FN:672,(anonymous_35)
FN:684,(anonymous_36)
FN:689,(anonymous_37)
FN:697,(anonymous_38)
FN:709,(anonymous_39)
FN:718,(anonymous_40)
FN:725,(anonymous_41)
FN:730,(anonymous_42)
FN:731,(anonymous_43)
FN:740,(anonymous_44)
FN:745,(anonymous_45)
FN:748,(anonymous_46)
FN:751,(anonymous_47)
FN:759,(anonymous_48)
FN:768,(anonymous_49)
FNF:49
FNH:14
FNDA:1,(anonymous_1)
FNDA:0,(anonymous_2)
FNDA:0,(anonymous_3)
FNDA:0,(anonymous_4)
FNDA:0,(anonymous_5)
FNDA:51,(anonymous_6)
FNDA:30,(anonymous_7)
FNDA:52,(anonymous_8)
FNDA:29,(anonymous_9)
FNDA:29,(anonymous_10)
FNDA:46,(anonymous_11)
FNDA:28,(anonymous_12)
FNDA:0,(anonymous_13)
FNDA:0,(anonymous_14)
FNDA:0,(anonymous_15)
FNDA:36,(anonymous_16)
FNDA:0,(anonymous_17)
FNDA:0,(anonymous_18)
FNDA:0,(anonymous_19)
FNDA:73,(anonymous_20)
FNDA:0,(anonymous_21)
FNDA:37,(anonymous_22)
FNDA:0,(anonymous_23)
FNDA:16,(anonymous_24)
FNDA:298,(anonymous_25)
FNDA:0,(anonymous_26)
FNDA:0,(anonymous_27)
FNDA:0,(anonymous_28)
FNDA:38,(anonymous_29)
FNDA:0,(anonymous_30)
FNDA:0,(anonymous_31)
FNDA:0,(anonymous_32)
FNDA:0,(anonymous_33)
FNDA:0,(anonymous_34)
FNDA:0,(anonymous_35)
FNDA:0,(anonymous_36)
FNDA:0,(anonymous_37)
FNDA:0,(anonymous_38)
FNDA:0,(anonymous_39)
FNDA:0,(anonymous_40)
FNDA:0,(anonymous_41)
FNDA:0,(anonymous_42)
FNDA:0,(anonymous_43)
FNDA:0,(anonymous_44)
FNDA:0,(anonymous_45)
FNDA:0,(anonymous_46)
FNDA:0,(anonymous_47)
FNDA:0,(anonymous_48)
FNDA:0,(anonymous_49)
DA:1,1
DA:16,1
DA:22,1
DA:23,0
DA:24,0
DA:26,0
DA:29,1
DA:31,1
DA:32,0
DA:33,0
DA:34,0
DA:35,0
DA:36,0
DA:37,0
DA:40,0
DA:42,0
DA:48,1
DA:49,0
DA:50,0
DA:53,1
DA:58,1
DA:125,51
DA:129,30
DA:133,30
DA:135,30
DA:137,30
DA:138,19
DA:140,30
DA:141,1
DA:144,29
DA:145,0
DA:148,29
DA:149,29
DA:150,29
DA:153,29
DA:154,0
DA:156,29
DA:157,0
DA:158,0
DA:160,0
DA:164,29
DA:166,29
DA:167,29
DA:168,29
DA:169,29
DA:170,29
DA:173,0
DA:174,0
DA:177,29
DA:179,29
DA:181,29
DA:183,29
DA:184,26
DA:185,26
DA:191,52
DA:192,28
DA:194,52
DA:195,52
DA:199,29
DA:200,29
DA:201,1
DA:202,0
DA:204,1
DA:210,29
DA:211,29
DA:212,46
DA:220,28
DA:222,28
DA:223,0
DA:224,0
DA:225,0
DA:228,0
DA:234,0
DA:238,0
DA:239,0
DA:242,0
DA:243,0
DA:244,0
DA:246,0
DA:249,0
DA:250,0
DA:251,0
DA:263,36
DA:264,0
DA:267,36
DA:268,36
DA:269,28
DA:271,28
DA:275,28
DA:276,0
DA:277,0
DA:278,0
DA:282,28
DA:283,0
DA:287,28
DA:288,28
DA:289,28
DA:291,8
DA:292,1
DA:293,7
DA:294,5
DA:295,5
DA:296,5
DA:297,5
DA:301,35
DA:312,73
DA:313,73
DA:314,24
DA:315,24
DA:316,24
DA:317,24
DA:318,0
DA:319,0
DA:320,0
DA:321,0
DA:325,24
DA:326,23
DA:327,0
DA:330,24
DA:331,24
DA:332,24
DA:334,73
DA:337,37
DA:339,37
DA:340,37
DA:341,37
DA:342,0
DA:343,0
DA:345,37
DA:346,37
DA:347,37
DA:351,1
DA:360,1
DA:361,16
DA:364,16
DA:365,10
DA:366,0
DA:371,16
DA:373,298
DA:377,298
DA:378,28
DA:379,28
DA:380,28
DA:388,1
DA:391,28
DA:392,28
DA:393,28
DA:395,28
DA:396,28
DA:401,16
DA:402,0
DA:412,16
DA:413,0
DA:414,0
DA:415,0
DA:419,0
DA:420,0
DA:422,0
DA:425,0
DA:426,0
DA:429,0
DA:430,0
DA:431,0
DA:435,16
DA:436,16
DA:437,10
DA:438,0
DA:439,0
DA:440,0
DA:446,16
DA:447,16
DA:449,16
DA:451,16
DA:452,16
DA:457,16
DA:458,14
DA:460,16
DA:461,12
DA:462,10
DA:464,2
DA:467,16
DA:468,0
DA:470,16
DA:471,38
DA:472,38
DA:476,0
DA:478,38
DA:479,0
DA:480,0
DA:483,38
DA:484,38
DA:485,0
DA:486,0
DA:489,38
DA:490,37
DA:491,37
DA:495,16
DA:499,16
DA:500,3
DA:501,1
DA:503,2
DA:505,15
DA:508,1
DA:513,0
DA:514,0
DA:515,0
DA:516,0
DA:518,0
DA:522,0
DA:523,0
DA:524,0
DA:551,1
DA:556,0
DA:562,0
DA:563,0
DA:564,0
DA:565,0
DA:567,0
DA:568,0
DA:570,0
DA:571,0
DA:573,0
DA:574,0
DA:577,0
DA:578,0
DA:579,0
DA:581,0
DA:582,0
DA:583,0
DA:584,0
DA:586,0
DA:589,0
DA:590,0
DA:592,0
DA:593,0
DA:596,0
DA:598,0
DA:599,0
DA:600,0
DA:601,0
DA:602,0
DA:605,0
DA:606,0
DA:609,0
DA:611,0
DA:612,0
DA:613,0
DA:616,0
DA:623,0
DA:624,0
DA:626,0
DA:628,0
DA:630,0
DA:632,0
DA:635,0
DA:636,0
DA:638,0
DA:639,0
DA:642,0
DA:643,0
DA:644,0
DA:645,0
DA:647,0
DA:648,0
DA:649,0
DA:652,0
DA:653,0
DA:655,0
DA:656,0
DA:657,0
DA:658,0
DA:665,0
DA:671,0
DA:672,0
DA:673,0
DA:676,0
DA:677,0
DA:678,0
DA:679,0
DA:681,0
DA:684,0
DA:685,0
DA:686,0
DA:689,0
DA:690,0
DA:691,0
DA:694,0
DA:698,0
DA:699,0
DA:700,0
DA:701,0
DA:702,0
DA:704,0
DA:705,0
DA:709,0
DA:710,0
DA:711,0
DA:713,0
DA:715,0
DA:719,0
DA:723,0
DA:726,0
DA:727,0
DA:728,0
DA:731,0
DA:732,0
DA:733,0
DA:735,0
DA:736,0
DA:737,0
DA:738,0
DA:741,0
DA:742,0
DA:743,0
DA:746,0
DA:749,0
DA:752,0
DA:753,0
DA:754,0
DA:756,0
DA:760,0
DA:761,0
DA:762,0
DA:763,0
DA:765,0
DA:769,0
DA:770,0
DA:774,1
LF:328
LH:136
BRDA:32,1,0,0
BRDA:32,1,1,0
BRDA:34,2,0,0
BRDA:34,2,1,0
BRDA:34,3,0,0
BRDA:34,3,1,0
BRDA:35,4,0,0
BRDA:35,4,1,0
BRDA:130,5,0,0
BRDA:130,5,1,30
BRDA:133,6,0,30
BRDA:133,6,1,0
BRDA:137,7,0,19
BRDA:137,7,1,11
BRDA:137,8,0,30
BRDA:137,8,1,26
BRDA:140,9,0,1
BRDA:140,9,1,29
BRDA:140,10,0,30
BRDA:140,10,1,3
BRDA:140,10,2,3
BRDA:144,11,0,0
BRDA:144,11,1,29
BRDA:148,12,0,29
BRDA:148,12,1,0
BRDA:153,13,0,0
BRDA:153,13,1,29
BRDA:156,14,0,0
BRDA:156,14,1,29
BRDA:157,15,0,0
BRDA:157,15,1,0
BRDA:157,16,0,0
BRDA:157,16,1,0
BRDA:166,17,0,29
BRDA:166,17,1,0
BRDA:169,18,0,29
BRDA:169,18,1,0
BRDA:183,19,0,26
BRDA:183,19,1,3
BRDA:191,20,0,28
BRDA:191,20,1,24
BRDA:200,21,0,1
BRDA:200,21,1,28
BRDA:201,22,0,0
BRDA:201,22,1,1
BRDA:220,23,0,28
BRDA:220,23,1,0
BRDA:223,24,0,0
BRDA:223,24,1,0
BRDA:224,25,0,0
BRDA:224,25,1,0
BRDA:224,26,0,0
BRDA:224,26,1,0
BRDA:238,27,0,0
BRDA:238,27,1,0
BRDA:242,28,0,0
BRDA:242,28,1,0
BRDA:242,29,0,0
BRDA:242,29,1,0
BRDA:242,29,2,0
BRDA:263,30,0,0
BRDA:263,30,1,36
BRDA:268,31,0,28
BRDA:268,31,1,8
BRDA:291,32,0,1
BRDA:291,32,1,7
BRDA:293,33,0,5
BRDA:293,33,1,2
BRDA:313,34,0,24
BRDA:313,34,1,49
BRDA:317,35,0,0
BRDA:317,35,1,24
BRDA:319,36,0,0
BRDA:319,36,1,0
BRDA:325,37,0,23
BRDA:325,37,1,1
BRDA:361,38,0,1
BRDA:361,38,1,15
BRDA:362,39,0,0
BRDA:362,39,1,16
BRDA:364,40,0,10
BRDA:364,40,1,6
BRDA:365,41,0,0
BRDA:365,41,1,10
BRDA:365,42,0,10
BRDA:365,42,1,10
BRDA:377,43,0,28
BRDA:377,43,1,270
BRDA:377,44,0,298
BRDA:377,44,1,139
BRDA:380,45,0,0
BRDA:380,45,1,0
BRDA:380,45,2,0
BRDA:380,45,3,0
BRDA:380,45,4,0
BRDA:380,45,5,1
BRDA:380,45,6,1
BRDA:395,46,0,28
BRDA:395,46,1,0
BRDA:401,47,0,0
BRDA:401,47,1,16
BRDA:401,48,0,16
BRDA:401,48,1,6
BRDA:412,49,0,0
BRDA:412,49,1,16
BRDA:414,50,0,0
BRDA:414,50,1,0
BRDA:419,51,0,0
BRDA:419,51,1,0
BRDA:419,52,0,0
BRDA:419,52,1,0
BRDA:420,53,0,0
BRDA:420,53,1,0
BRDA:430,54,0,0
BRDA:430,54,1,0
BRDA:430,55,0,0
BRDA:430,55,1,0
BRDA:436,56,0,10
BRDA:436,56,1,6
BRDA:439,57,0,0
BRDA:439,57,1,0
BRDA:446,58,0,16
BRDA:446,58,1,0
BRDA:457,59,0,14
BRDA:457,59,1,2
BRDA:460,60,0,12
BRDA:460,60,1,4
BRDA:461,61,0,10
BRDA:461,61,1,2
BRDA:467,62,0,0
BRDA:467,62,1,16
BRDA:471,63,0,38
BRDA:471,63,1,0
BRDA:478,64,0,0
BRDA:478,64,1,38
BRDA:483,65,0,38
BRDA:483,65,1,0
BRDA:485,66,0,0
BRDA:485,66,1,0
BRDA:489,67,0,37
BRDA:489,67,1,1
BRDA:499,68,0,3
BRDA:499,68,1,13
BRDA:500,69,0,1
BRDA:500,69,1,2
BRDA:513,70,0,0
BRDA:513,70,1,0
BRDA:514,71,0,0
BRDA:514,71,1,0
BRDA:514,72,0,0
BRDA:514,72,1,0
BRDA:558,73,0,0
BRDA:558,73,1,0
BRDA:562,74,0,0
BRDA:562,74,1,0
BRDA:564,75,0,0
BRDA:564,75,1,0
BRDA:567,76,0,0
BRDA:567,76,1,0
BRDA:570,77,0,0
BRDA:570,77,1,0
BRDA:573,78,0,0
BRDA:573,78,1,0
BRDA:577,79,0,0
BRDA:577,79,1,0
BRDA:578,80,0,0
BRDA:578,80,1,0
BRDA:583,81,0,0
BRDA:583,81,1,0
BRDA:583,82,0,0
BRDA:583,82,1,0
BRDA:589,83,0,0
BRDA:589,83,1,0
BRDA:592,84,0,0
BRDA:592,84,1,0
BRDA:598,85,0,0
BRDA:598,85,1,0
BRDA:601,86,0,0
BRDA:601,86,1,0
BRDA:612,87,0,0
BRDA:612,87,1,0
BRDA:618,88,0,0
BRDA:618,88,1,0
BRDA:635,89,0,0
BRDA:635,89,1,0
BRDA:638,90,0,0
BRDA:638,90,1,0
BRDA:638,91,0,0
BRDA:638,91,1,0
BRDA:642,92,0,0
BRDA:642,92,1,0
BRDA:642,93,0,0
BRDA:642,93,1,0
BRDA:671,94,0,0
BRDA:671,94,1,0
BRDA:676,95,0,0
BRDA:676,95,1,0
BRDA:676,96,0,0
BRDA:676,96,1,0
BRDA:677,97,0,0
BRDA:677,97,1,0
BRDA:685,98,0,0
BRDA:685,98,1,0
BRDA:690,99,0,0
BRDA:690,99,1,0
BRDA:699,100,0,0
BRDA:699,100,1,0
BRDA:701,101,0,0
BRDA:701,101,1,0
BRDA:710,102,0,0
BRDA:710,102,1,0
BRDA:753,103,0,0
BRDA:753,103,1,0
BRDA:761,104,0,0
BRDA:761,104,1,0
BRDA:762,105,0,0
BRDA:762,105,1,0
BRDA:769,106,0,0
BRDA:769,106,1,0
BRF:219
BRH:75
end_of_record
